Using pre-set license
Built from '2020.2/release' branch; Version is '2020.2.2f1 (068178b99f32) revision 426360'; Using compiler version '192528614'; Build Type 'Release'
OS: 'Windows 10 Home; OS build 18363.1379; Version 1909; 64bit' Language: 'en' Physical Memory: 16310 MB
BatchMode: 1, IsHumanControllingUs: 0, StartBugReporterOnCrash: 0, Is64bit: 1, IsPro: 0

 COMMAND LINE ARGUMENTS:
C:\Program Files\Unity\Hub\Editor\2020.2.2f1\Editor\Unity.exe
-adb2
-batchMode
-noUpm
-name
AssetImportWorker1
-projectPath
D:/steph/Git Desktop/GamesEngines2Project/Buck Rogers in the 25th Century
-logFile
Logs/AssetImportWorker1.log
-srvPort
55017
Successfully changed project path to: D:/steph/Git Desktop/GamesEngines2Project/Buck Rogers in the 25th Century
D:/steph/Git Desktop/GamesEngines2Project/Buck Rogers in the 25th Century
Using Asset Import Pipeline V2.
Refreshing native plugins compatible for Editor in 41.16 ms, found 0 plugins.
Preloading 0 native plugins for Editor in 0.00 ms.
Initialize engine version: 2020.2.2f1 (068178b99f32)
[Subsystems] Discovering subsystems at path C:/Program Files/Unity/Hub/Editor/2020.2.2f1/Editor/Data/Resources/UnitySubsystems
[Subsystems] Discovering subsystems at path D:/steph/Git Desktop/GamesEngines2Project/Buck Rogers in the 25th Century/Assets
GfxDevice: creating device client; threaded=0
Direct3D:
    Version:  Direct3D 11.0 [level 11.1]
    Renderer: NVIDIA GeForce GTX 1660 Ti (ID=0x2182)
    Vendor:   
    VRAM:     5991 MB
    Driver:   27.21.14.6089
Initialize mono
Mono path[0] = 'C:/Program Files/Unity/Hub/Editor/2020.2.2f1/Editor/Data/Managed'
Mono path[1] = 'C:/Program Files/Unity/Hub/Editor/2020.2.2f1/Editor/Data/MonoBleedingEdge/lib/mono/unityjit'
Mono config path = 'C:/Program Files/Unity/Hub/Editor/2020.2.2f1/Editor/Data/MonoBleedingEdge/etc'
Using monoOptions --debugger-agent=transport=dt_socket,embedding=1,server=y,suspend=n,address=127.0.0.1:56132
Begin MonoManager ReloadAssembly
Registering precompiled unity dll's ...
Register platform support module: C:/Program Files/Unity/Hub/Editor/2020.2.2f1/Editor/Data/PlaybackEngines/WindowsStandaloneSupport/UnityEditor.WindowsStandalone.Extensions.dll
Registered in 0.002709 seconds.
Native extension for WindowsStandalone target not found
Refreshing native plugins compatible for Editor in 32.46 ms, found 0 plugins.
Preloading 0 native plugins for Editor in 0.00 ms.
Invoked RoslynAnalysisRunner static constructor.
RoslynAnalysisRunner will not be running.
RoslynAnalysisRunner has terminated.
Mono: successfully reloaded assembly
- Completed reload, in  1.354 seconds
Platform modules already initialized, skipping
Registering precompiled user dll's ...
Registered in 0.000948 seconds.
Begin MonoManager ReloadAssembly
Native extension for WindowsStandalone target not found
Refreshing native plugins compatible for Editor in 32.61 ms, found 0 plugins.
Preloading 0 native plugins for Editor in 0.00 ms.
Invoked RoslynAnalysisRunner static constructor.
RoslynAnalysisRunner will not be running.
RoslynAnalysisRunner has terminated.
Mono: successfully reloaded assembly
- Completed reload, in  1.058 seconds
Platform modules already initialized, skipping
========================================================================
Worker process is ready to serve import requests
Launched and connected shader compiler UnityShaderCompiler.exe after 0.09 seconds
Refreshing native plugins compatible for Editor in 0.57 ms, found 0 plugins.
Preloading 0 native plugins for Editor in 0.00 ms.
Unloading 1405 Unused Serialized files (Serialized files now loaded: 0)
System memory in use before: 68.8 MB.
System memory in use after: 68.9 MB.

Unloading 12 unused Assets to reduce memory usage. Loaded Objects now: 1852.
Total: 2.212300 ms (FindLiveObjects: 0.257800 ms CreateObjectMapping: 0.043000 ms MarkObjects: 1.822200 ms  DeleteObjects: 0.088100 ms)

========================================================================
Received Import Request.
  path: Assets/Marauder 12.prefab
  artifactKey: Guid(6cdad8123a2b16840812029749caadf8) Importer(815301076,1909f56bfc062723c751e8b465ee728b)
Start importing Assets/Marauder 12.prefab using Guid(6cdad8123a2b16840812029749caadf8) Importer(815301076,1909f56bfc062723c751e8b465ee728b)  -> (artifact id: 'b83c6d2abe9cb91214dd81da99dcd8ab') in 0.194339 seconds
  Import took 0.224676 seconds .

========================================================================
Received Import Request.
  Time since last request: 438.680194 seconds.
  path: Assets/DraconianTrail.mat
  artifactKey: Guid(db7478fc515fcc248bab2f9524c8a4e3) Importer(815301076,1909f56bfc062723c751e8b465ee728b)
Start importing Assets/DraconianTrail.mat using Guid(db7478fc515fcc248bab2f9524c8a4e3) Importer(815301076,1909f56bfc062723c751e8b465ee728b)  -> (artifact id: '79786177e7c17ebe58690615c59c3add') in 0.072020 seconds
  Import took 0.089548 seconds .

========================================================================
Received Import Request.
  Time since last request: 1154.572862 seconds.
  path: Assets/DraconianTrail.mat
  artifactKey: Guid(db7478fc515fcc248bab2f9524c8a4e3) Importer(815301076,1909f56bfc062723c751e8b465ee728b)
Start importing Assets/DraconianTrail.mat using Guid(db7478fc515fcc248bab2f9524c8a4e3) Importer(815301076,1909f56bfc062723c751e8b465ee728b)  -> (artifact id: 'e44a77ce2ca66670f537feb7941b46d4') in 0.034818 seconds
  Import took 0.056564 seconds .

AssetImportWorkerClient::OnTransportError - code=2 error=End of file
